[narrowing:question] Candidates: 500
[narrowing:question] Status: resolved_exact
[narrowing:question] Turn: 0
[narrowing:question] Filters: (none)
[narrowing:question] Stages: initial_search
[narrowing:question] ───────────────────────────
[entity-profile-db] batch series query count=61 chunks=3
[series-material-status-db] sql query="WITH requested_series AS ( SELECT DISTINCT NULLIF( regexp_replace(UPPER(BTRIM(series_name)), '[\s\-·ㆍ\./(),]+', '', 'g'), '' ) AS normalized_...<truncated:1219>
[series-material-status-db] iso=P workPiece=- rows=8 duration=3ms
[narrowing:question] ───────────────────────────
[narrowing:question] Session: ses-1775878676367
[narrowing:question] Candidates: 500
[narrowing:question] Status: resolved_exact
[narrowing:question] Turn: 0
[narrowing:question] Filters: (none)
[narrowing:question] Stages: initial_search
[narrowing:question] ───────────────────────────
[entity-profile-db] batch series query count=35 chunks=2
[series-material-status-db] sql query="WITH requested_series AS ( SELECT DISTINCT NULLIF( regexp_replace(UPPER(BTRIM(series_name)), '[\s\-·ㆍ\./(),]+', '', 'g'), '' ) AS normalized_...<truncated:1432>
[series-material-status-db] iso=M workPiece=- rows=21 duration=2ms
[narrowing:question] ───────────────────────────
[narrowing:question] Session: ses-1775878676565
[narrowing:question] Candidates: 500
[narrowing:question] Status: resolved_exact
[narrowing:question] Turn: 0
[narrowing:question] Filters: (none)
[narrowing:question] Stages: initial_search
[narrowing:question] ───────────────────────────
[entity-profile-db] batch series query count=76 chunks=3
[series-material-status-db] sql query="WITH requested_series AS ( SELECT DISTINCT NULLIF( regexp_replace(UPPER(BTRIM(series_name)), '[\s\-·ㆍ\./(),]+', '', 'g'), '' ) AS normalized_...<truncated:1219>
[series-material-status-db] iso=P workPiece=- rows=8 duration=2ms
[narrowing:question] ───────────────────────────
[narrowing:question] Session: ses-1775878676641
[narrowing:question] Candidates: 500
[narrowing:question] Status: resolved_exact
[narrowing:question] Turn: 0
[narrowing:question] Filters: (none)
[narrowing:question] Stages: initial_search
[narrowing:question] ───────────────────────────
[entity-profile-db] batch series query count=35 chunks=2
[series-material-status-db] sql query="WITH requested_series AS ( SELECT DISTINCT NULLIF( regexp_replace(UPPER(BTRIM(series_name)), '[\s\-·ㆍ\./(),]+', '', 'g'), '' ) AS normalized_...<truncated:1381>
[series-material-status-db] iso=N workPiece=- rows=18 duration=1ms
[narrowing:question] ───────────────────────────
[narrowing:question] Session: ses-1775878676692
[narrowing:question] Candidates: 500
[narrowing:question] Status: resolved_exact
[narrowing:question] Turn: 0
[narrowing:question] Filters: (none)
[narrowing:question] Stages: initial_search
[narrowing:question] ───────────────────────────
[entity-profile-db] batch series query count=61 chunks=3
[series-material-status-db] sql query="WITH requested_series AS ( SELECT DISTINCT NULLIF( regexp_replace(UPPER(BTRIM(series_name)), '[\s\-·ㆍ\./(),]+', '', 'g'), '' ) AS normalized_...<truncated:1432>
[series-material-status-db] iso=M workPiece=- rows=21 duration=1ms
[narrowing:question] ───────────────────────────
[narrowing:question] Session: ses-1775878676877
[narrowing:question] Candidates: 500
[narrowing:question] Status: resolved_exact
[narrowing:question] Turn: 0
[narrowing:question] Filters: (none)
[narrowing:question] Stages: initial_search
[narrowing:question] ───────────────────────────
[entity-profile-db] batch series query count=76 chunks=3
[series-material-status-db] sql query="WITH requested_series AS ( SELECT DISTINCT NULLIF( regexp_replace(UPPER(BTRIM(series_name)), '[\s\-·ㆍ\./(),]+', '', 'g'), '' ) AS normalized_...<truncated:1381>
[series-material-status-db] iso=N workPiece=- rows=18 duration=2ms
[narrowing:question] ───────────────────────────
[narrowing:question] Session: ses-1775878676943
[narrowing:question] Candidates: 500
[narrowing:question] Status: resolved_exact
[narrowing:question] Turn: 0
[narrowing:question] Filters: (none)
[narrowing:question] Stages: initial_search
[narrowing:question] ───────────────────────────
[entity-profile-db] batch series query count=61 chunks=3
[series-material-status-db] sql query="WITH requested_series AS ( SELECT DISTINCT NULLIF( regexp_replace(UPPER(BTRIM(series_name)), '[\s\-·ㆍ\./(),]+', '', 'g'), '' ) AS normalized_...<truncated:1219>
[series-material-status-db] iso=P workPiece=- rows=8 duration=1ms
[narrowing:question] ───────────────────────────
[narrowing:question] Session: ses-1775878676996
[narrowing:question] Candidates: 500
[narrowing:question] Status: resolved_exact
[narrowing:question] Turn: 0
[narrowing:question] Filters: (none)
[narrowing:question] Stages: initial_search
[narrowing:question] ───────────────────────────
[entity-profile-db] batch series query count=35 chunks=2
[series-material-status-db] sql query="WITH requested_series AS ( SELECT DISTINCT NULLIF( regexp_replace(UPPER(BTRIM(series_name)), '[\s\-·ㆍ\./(),]+', '', 'g'), '' ) AS normalized_...<truncated:1381>
[series-material-status-db] iso=N workPiece=- rows=18 duration=2ms
[narrowing:question] ───────────────────────────
[narrowing:question] Session: ses-1775878677195
[narrowing:question] Candidates: 500
[narrowing:question] Status: resolved_exact
[narrowing:question] Turn: 0
[narrowing:question] Filters: (none)
[narrowing:question] Stages: initial_search
[narrowing:question] ───────────────────────────
[entity-profile-db] batch series query count=61 chunks=3
[series-material-status-db] sql query="WITH requested_series AS ( SELECT DISTINCT NULLIF( regexp_replace(UPPER(BTRIM(series_name)), '[\s\-·ㆍ\./(),]+', '', 'g'), '' ) AS normalized_...<truncated:1432>
[series-material-status-db] iso=M workPiece=- rows=21 duration=1ms
[narrowing:question] ───────────────────────────
[narrowing:question] Session: ses-1775878677263
[narrowing:question] Candidates: 500
[narrowing:question] Status: resolved_exact
[narrowing:question] Turn: 0
[narrowing:question] Filters: (none)
[narrowing:question] Stages: initial_search
[narrowing:question] ───────────────────────────
[entity-profile-db] batch series query count=76 chunks=3
[series-material-status-db] sql query="WITH requested_series AS ( SELECT DISTINCT NULLIF( regexp_replace(UPPER(BTRIM(series_name)), '[\s\-·ㆍ\./(),]+', '', 'g'), '' ) AS normalized_...<truncated:1219>
[series-material-status-db] iso=P workPiece=- rows=8 duration=2ms
[narrowing:question] ───────────────────────────
[narrowing:question] Session: ses-1775878677335
[narrowing:question] Candidates: 500
[narrowing:question] Status: resolved_exact
[narrowing:question] Turn: 0
[narrowing:question] Filters: (none)
[narrowing:question] Stages: initial_search
[narrowing:question] ───────────────────────────
[entity-profile-db] batch series query count=35 chunks=2
[series-material-status-db] sql query="WITH requested_series AS ( SELECT DISTINCT NULLIF( regexp_replace(UPPER(BTRIM(series_name)), '[\s\-·ㆍ\./(),]+', '', 'g'), '' ) AS normalized_...<truncated:1381>
[series-material-status-db] iso=N workPiece=- rows=18 duration=1ms
[narrowing:question] ───────────────────────────
[narrowing:question] Session: ses-1775878677547
[narrowing:question] Candidates: 500
[narrowing:question] Status: resolved_exact
[narrowing:question] Turn: 0
[narrowing:question] Filters: (none)
[narrowing:question] Stages: initial_search
[narrowing:question] ───────────────────────────
[entity-profile-db] batch series query count=61 chunks=3
[series-material-status-db] sql query="WITH requested_series AS ( SELECT DISTINCT NULLIF( regexp_replace(UPPER(BTRIM(series_name)), '[\s\-·ㆍ\./(),]+', '', 'g'), '' ) AS normalized_...<truncated:1219>
[series-material-status-db] iso=P workPiece=- rows=8 duration=2ms
[narrowing:question] ───────────────────────────
[narrowing:question] Session: ses-1775878677566
[narrowing:question] Candidates: 500
[narrowing:question] Status: resolved_exact
[narrowing:question] Turn: 0
[narrowing:question] Filters: (none)
[narrowing:question] Stages: initial_search
[narrowing:question] ───────────────────────────
[entity-profile-db] batch series query count=35 chunks=2
[series-material-status-db] sql query="WITH requested_series AS ( SELECT DISTINCT NULLIF( regexp_replace(UPPER(BTRIM(series_name)), '[\s\-·ㆍ\./(),]+', '', 'g'), '' ) AS normalized_...<truncated:1432>
[series-material-status-db] iso=M workPiece=- rows=21 duration=1ms
[narrowing:question] ───────────────────────────
[narrowing:question] Session: ses-1775878677622
[narrowing:question] Candidates: 500
[narrowing:question] Status: resolved_exact
[narrowing:question] Turn: 0
[narrowing:question] Filters: (none)
[narrowing:question] Stages: initial_search
[narrowing:question] ───────────────────────────
[entity-profile-db] batch series query count=76 chunks=3
[series-material-status-db] sql query="WITH requested_series AS ( SELECT DISTINCT NULLIF( regexp_replace(UPPER(BTRIM(series_name)), '[\s\-·ㆍ\./(),]+', '', 'g'), '' ) AS normalized_...<truncated:1381>
[series-material-status-db] iso=N workPiece=- rows=18 duration=2ms
[narrowing:question] ───────────────────────────
[narrowing:question] Session: ses-1775878677882
[narrowing:question] Candidates: 500
[narrowing:question] Status: resolved_exact
[narrowing:question] Turn: 0
[narrowing:question] Filters: (none)
[narrowing:question] Stages: initial_search
[narrowing:question] ───────────────────────────
[entity-profile-db] batch series query count=61 chunks=3
[series-material-status-db] sql query="WITH requested_series AS ( SELECT DISTINCT NULLIF( regexp_replace(UPPER(BTRIM(series_name)), '[\s\-·ㆍ\./(),]+', '', 'g'), '' ) AS normalized_...<truncated:1219>
[series-material-status-db] iso=P workPiece=- rows=8 duration=1ms
[narrowing:question] ───────────────────────────
[narrowing:question] Session: ses-1775878677901
[narrowing:question] Candidates: 500
[narrowing:question] Status: resolved_exact
[narrowing:question] Turn: 0
[narrowing:question] Filters: (none)
[narrowing:question] Stages: initial_search
[narrowing:question] ───────────────────────────
[entity-profile-db] batch series query count=35 chunks=2
[series-material-status-db] sql query="WITH requested_series AS ( SELECT DISTINCT NULLIF( regexp_replace(UPPER(BTRIM(series_name)), '[\s\-·ㆍ\./(),]+', '', 'g'), '' ) AS normalized_...<truncated:1432>
[series-material-status-db] iso=M workPiece=- rows=21 duration=3ms
[narrowing:question] ───────────────────────────
[narrowing:question] Session: ses-1775878677945
[narrowing:question] Candidates: 500
[narrowing:question] Status: resolved_exact
[narrowing:question] Turn: 0
[narrowing:question] Filters: (none)
[narrowing:question] Stages: initial_search
[narrowing:question] ───────────────────────────
[entity-profile-db] batch series query count=76 chunks=3
[series-material-status-db] sql query="WITH requested_series AS ( SELECT DISTINCT NULLIF( regexp_replace(UPPER(BTRIM(series_name)), '[\s\-·ㆍ\./(),]+', '', 'g'), '' ) AS normalized_...<truncated:1219>
[series-material-status-db] iso=P workPiece=- rows=8 duration=1ms
[narrowing:question] ───────────────────────────
[narrowing:question] Session: ses-1775878678127
[narrowing:question] Candidates: 500
[narrowing:question] Status: resolved_exact
[narrowing:question] Turn: 0
[narrowing:question] Filters: (none)
[narrowing:question] Stages: initial_search
[narrowing:question] ───────────────────────────
[entity-profile-db] batch series query count=35 chunks=2
[series-material-status-db] sql query="WITH requested_series AS ( SELECT DISTINCT NULLIF( regexp_replace(UPPER(BTRIM(series_name)), '[\s\-·ㆍ\./(),]+', '', 'g'), '' ) AS normalized_...<truncated:1432>
[series-material-status-db] iso=M workPiece=- rows=21 duration=2ms
[narrowing:question] ───────────────────────────
[narrowing:question] Session: ses-1775878678255
[narrowing:question] Candidates: 500
[narrowing:question] Status: resolved_exact
[narrowing:question] Turn: 0
[narrowing:question] Filters: (none)
[narrowing:question] Stages: initial_search
[narrowing:question] ───────────────────────────
[entity-profile-db] batch series query count=76 chunks=3
[series-material-status-db] sql query="WITH requested_series AS ( SELECT DISTINCT NULLIF( regexp_replace(UPPER(BTRIM(series_name)), '[\s\-·ㆍ\./(),]+', '', 'g'), '' ) AS normalized_...<truncated:1381>
[series-material-status-db] iso=N workPiece=- rows=18 duration=2ms
[narrowing:question] ───────────────────────────
[narrowing:question] Session: ses-1775878678273
[narrowing:question] Candidates: 500
[narrowing:question] Status: resolved_exact
[narrowing:question] Turn: 0
[narrowing:question] Filters: (none)
[narrowing:question] Stages: initial_search
[narrowing:question] ───────────────────────────
[entity-profile-db] batch series query count=61 chunks=3
[series-material-status-db] sql query="WITH requested_series AS ( SELECT DISTINCT NULLIF( regexp_replace(UPPER(BTRIM(series_name)), '[\s\-·ㆍ\./(),]+', '', 'g'), '' ) AS normalized_...<truncated:1219>
[series-material-status-db] iso=P workPiece=- rows=8 duration=1ms
[narrowing:question] ───────────────────────────
[narrowing:question] Session: ses-1775878678365
[narrowing:question] Candidates: 500
[narrowing:question] Status: resolved_exact
[narrowing:question] Turn: 0
[narrowing:question] Filters: (none)
[narrowing:question] Stages: initial_search
[narrowing:question] ───────────────────────────
[entity-profile-db] batch series query count=35 chunks=2
[series-material-status-db] sql query="WITH requested_series AS ( SELECT DISTINCT NULLIF( regexp_replace(UPPER(BTRIM(series_name)), '[\s\-·ㆍ\./(),]+', '', 'g'), '' ) AS normalized_...<truncated:1432>
[series-material-status-db] iso=M workPiece=- rows=21 duration=1ms
[narrowing:question] ───────────────────────────
[narrowing:question] Session: ses-1775878678565
[narrowing:question] Candidates: 500
[narrowing:question] Status: resolved_exact
[narrowing:question] Turn: 0
[narrowing:question] Filters: (none)
[narrowing:question] Stages: initial_search
[narrowing:question] ───────────────────────────
[entity-profile-db] batch series query count=76 chunks=3
[series-material-status-db] sql query="WITH requested_series AS ( SELECT DISTINCT NULLIF( regexp_replace(UPPER(BTRIM(series_name)), '[\s\-·ㆍ\./(),]+', '', 'g'), '' ) AS normalized_...<truncated:1219>
[series-material-status-db] iso=P workPiece=- rows=8 duration=2ms
[narrowing:question] ───────────────────────────
[narrowing:question] Session: ses-1775878678596
[narrowing:question] Candidates: 500
[narrowing:question] Status: resolved_exact
[narrowing:question] Turn: 0
[narrowing:question] Filters: (none)
[narrowing:question] Stages: initial_search
[narrowing:question] ───────────────────────────
[entity-profile-db] batch series query count=35 chunks=2
[series-material-status-db] sql query="WITH requested_series AS ( SELECT DISTINCT NULLIF( regexp_replace(UPPER(BTRIM(series_name)), '[\s\-·ㆍ\./(),]+', '', 'g'), '' ) AS normalized_...<truncated:1381>
[series-material-status-db] iso=N workPiece=- rows=18 duration=2ms
[narrowing:question] ───────────────────────────
[narrowing:question] Session: ses-1775878678647
[narrowing:question] Candidates: 500
[narrowing:question] Status: resolved_exact
[narrowing:question] Turn: 0
[narrowing:question] Filters: (none)
[narrowing:question] Stages: initial_search
[narrowing:question] ───────────────────────────
[entity-profile-db] batch series query count=61 chunks=3
[series-material-status-db] sql query="WITH requested_series AS ( SELECT DISTINCT NULLIF( regexp_replace(UPPER(BTRIM(series_name)), '[\s\-·ㆍ\./(),]+', '', 'g'), '' ) AS normalized_...<truncated:1219>
[series-material-status-db] iso=P workPiece=- rows=8 duration=3ms
[narrowing:question] ───────────────────────────
[narrowing:question] Session: ses-1775878678894
[narrowing:question] Candidates: 500
[narrowing:question] Status: resolved_exact
[narrowing:question] Turn: 0
[narrowing:question] Filters: (none)
[narrowing:question] Stages: initial_search
[narrowing:question] ───────────────────────────
[entity-profile-db] batch series query count=35 chunks=2
[series-material-status-db] sql query="WITH requested_series AS ( SELECT DISTINCT NULLIF( regexp_replace(UPPER(BTRIM(series_name)), '[\s\-·ㆍ\./(),]+', '', 'g'), '' ) AS normalized_...<truncated:1432>
[series-material-status-db] iso=M workPiece=- rows=21 duration=2ms
[narrowing:question] ───────────────────────────
[narrowing:question] Session: ses-1775878678916
[narrowing:question] Candidates: 500
[narrowing:question] Status: resolved_exact
[narrowing:question] Turn: 0
[narrowing:question] Filters: (none)
[narrowing:question] Stages: initial_search
[narrowing:question] ───────────────────────────
[entity-profile-db] batch series query count=76 chunks=3
[series-material-status-db] sql query="WITH requested_series AS ( SELECT DISTINCT NULLIF( regexp_replace(UPPER(BTRIM(series_name)), '[\s\-·ㆍ\./(),]+', '', 'g'), '' ) AS normalized_...<truncated:1381>
[series-material-status-db] iso=N workPiece=- rows=18 duration=2ms
[narrowing:question] ───────────────────────────
[narrowing:question] Session: ses-1775878678997
[narrowing:question] Candidates: 500
[narrowing:question] Status: resolved_exact
[narrowing:question] Turn: 0
[narrowing:question] Filters: (none)
[narrowing:question] Stages: initial_search
[narrowing:question] ───────────────────────────
[entity-profile-db] batch series query count=61 chunks=3
[series-material-status-db] sql query="WITH requested_series AS ( SELECT DISTINCT NULLIF( regexp_replace(UPPER(BTRIM(series_name)), '[\s\-·ㆍ\./(),]+', '', 'g'), '' ) AS normalized_...<truncated:1432>
[series-material-status-db] iso=M workPiece=- rows=21 duration=3ms
[narrowing:question] ───────────────────────────
[narrowing:question] Session: ses-1775878679200
[narrowing:question] Candidates: 500
[narrowing:question] Status: resolved_exact
[narrowing:question] Turn: 0
[narrowing:question] Filters: (none)
[narrowing:question] Stages: initial_search
[narrowing:question] ───────────────────────────
[entity-profile-db] batch series query count=76 chunks=3
[series-material-status-db] sql query="WITH requested_series AS ( SELECT DISTINCT NULLIF( regexp_replace(UPPER(BTRIM(series_name)), '[\s\-·ㆍ\./(),]+', '', 'g'), '' ) AS normalized_...<truncated:1219>
[series-material-status-db] iso=P workPiece=- rows=8 duration=2ms
[narrowing:question] ───────────────────────────
[narrowing:question] Session: ses-1775878679227
[narrowing:question] Candidates: 500
[narrowing:question] Status: resolved_exact
[narrowing:question] Turn: 0
[narrowing:question] Filters: (none)
[narrowing:question] Stages: initial_search
[narrowing:question] ───────────────────────────
[entity-profile-db] batch series query count=35 chunks=2
[series-material-status-db] sql query="WITH requested_series AS ( SELECT DISTINCT NULLIF( regexp_replace(UPPER(BTRIM(series_name)), '[\s\-·ㆍ\./(),]+', '', 'g'), '' ) AS normalized_...<truncated:1381>
[series-material-status-db] iso=N workPiece=- rows=18 duration=1ms
[narrowing:question] ───────────────────────────
[narrowing:question] Session: ses-1775878679292
[narrowing:question] Candidates: 500
[narrowing:question] Status: resolved_exact
[narrowing:question] Turn: 0
[narrowing:question] Filters: (none)
[narrowing:question] Stages: initial_search
[narrowing:question] ───────────────────────────
[entity-profile-db] batch series query count=61 chunks=3
[series-material-status-db] sql query="WITH requested_series AS ( SELECT DISTINCT NULLIF( regexp_replace(UPPER(BTRIM(series_name)), '[\s\-·ㆍ\./(),]+', '', 'g'), '' ) AS normalized_...<truncated:1381>
[series-material-status-db] iso=N workPiece=- rows=18 duration=2ms
[narrowing:question] ───────────────────────────
[narrowing:question] Session: ses-1775878679515
[narrowing:question] Candidates: 500
[narrowing:question] Status: resolved_exact
[narrowing:question] Turn: 0
[narrowing:question] Filters: (none)
[narrowing:question] Stages: initial_search
[narrowing:question] ───────────────────────────
[entity-profile-db] batch series query count=61 chunks=3
[series-material-status-db] sql query="WITH requested_series AS ( SELECT DISTINCT NULLIF( regexp_replace(UPPER(BTRIM(series_name)), '[\s\-·ㆍ\./(),]+', '', 'g'), '' ) AS normalized_...<truncated:1432>
[series-material-status-db] iso=M workPiece=- rows=21 duration=2ms
[narrowing:question] ───────────────────────────
[narrowing:question] Session: ses-1775878679590
[narrowing:question] Candidates: 500
[narrowing:question] Status: resolved_exact
[narrowing:question] Turn: 0
[narrowing:question] Filters: (none)
[narrowing:question] Stages: initial_search
[narrowing:question] ───────────────────────────
[entity-profile-db] batch series query count=76 chunks=3
[series-material-status-db] sql query="WITH requested_series AS ( SELECT DISTINCT NULLIF( regexp_replace(UPPER(BTRIM(series_name)), '[\s\-·ㆍ\./(),]+', '', 'g'), '' ) AS normalized_...<truncated:1219>
[series-material-status-db] iso=P workPiece=- rows=8 duration=2ms
[narrowing:question] ───────────────────────────
[narrowing:question] Session: ses-1775878679617
[narrowing:question] Candidates: 500
[narrowing:question] Status: resolved_exact
[narrowing:question] Turn: 0
[narrowing:question] Filters: (none)
[narrowing:question] Stages: initial_search
[narrowing:question] ───────────────────────────
[entity-profile-db] batch series query count=35 chunks=2
[series-material-status-db] sql query="WITH requested_series AS ( SELECT DISTINCT NULLIF( regexp_replace(UPPER(BTRIM(series_name)), '[\s\-·ㆍ\./(),]+', '', 'g'), '' ) AS normalized_...<truncated:1381>
[series-material-status-db] iso=N workPiece=- rows=18 duration=2ms
[narrowing:question] ───────────────────────────
[narrowing:question] Session: ses-1775878679831
[narrowing:question] Candidates: 500
[narrowing:question] Status: resolved_exact
[narrowing:question] Turn: 0
[narrowing:question] Filters: (none)
[narrowing:question] Stages: initial_search
[narrowing:question] ───────────────────────────
[entity-profile-db] batch series query count=61 chunks=3
[series-material-status-db] sql query="WITH requested_series AS ( SELECT DISTINCT NULLIF( regexp_replace(UPPER(BTRIM(series_name)), '[\s\-·ㆍ\./(),]+', '', 'g'), '' ) AS normalized_...<truncated:1432>
[series-material-status-db] iso=M workPiece=- rows=21 duration=1ms
[narrowing:question] ───────────────────────────
[narrowing:question] Session: ses-1775878679901
[narrowing:question] Candidates: 500
[narrowing:question] Status: resolved_exact
[narrowing:question] Turn: 0
[narrowing:question] Filters: (none)
[narrowing:question] Stages: initial_search
[narrowing:question] ───────────────────────────
[entity-profile-db] batch series query count=76 chunks=3
[series-material-status-db] sql query="WITH requested_series AS ( SELECT DISTINCT NULLIF( regexp_replace(UPPER(BTRIM(series_name)), '[\s\-·ㆍ\./(),]+', '', 'g'), '' ) AS normalized_...<truncated:1219>
[series-material-status-db] iso=P workPiece=- rows=8 duration=1ms
[narrowing:question] ───────────────────────────
[narrowing:question] Session: ses-1775878679936
[narrowing:question] Candidates: 500
[narrowing:question] Status: resolved_exact
[narrowing:question] Turn: 0
[narrowing:question] Filters: (none)
[narrowing:question] Stages: initial_search
[narrowing:question] ───────────────────────────
[entity-profile-db] batch series query count=35 chunks=2
[series-material-status-db] sql query="WITH requested_series AS ( SELECT DISTINCT NULLIF( regexp_replace(UPPER(BTRIM(series_name)), '[\s\-·ㆍ\./(),]+', '', 'g'), '' ) AS normalized_...<truncated:1381>
[series-material-status-db] iso=N workPiece=- rows=18 duration=2ms
[narrowing:question] ───────────────────────────
[narrowing:question] Session: ses-1775878680145
[narrowing:question] Candidates: 500
[narrowing:question] Status: resolved_exact
[narrowing:question] Turn: 0
[narrowing:question] Filters: (none)
[narrowing:question] Stages: initial_search
[narrowing:question] ───────────────────────────
[entity-profile-db] batch series query count=61 chunks=3
[series-material-status-db] sql query="WITH requested_series AS ( SELECT DISTINCT NULLIF( regexp_replace(UPPER(BTRIM(series_name)), '[\s\-·ㆍ\./(),]+', '', 'g'), '' ) AS normalized_...<truncated:1219>
[series-material-status-db] iso=P workPiece=- rows=8 duration=2ms
[narrowing:question] ───────────────────────────
[narrowing:question] Session: ses-1775878680188
[narrowing:question] Candidates: 500
[narrowing:question] Status: resolved_exact
[narrowing:question] Turn: 0
[narrowing:question] Filters: (none)
[narrowing:question] Stages: initial_search
[narrowing:question] ───────────────────────────
[entity-profile-db] batch series query count=35 chunks=2
[series-material-status-db] sql query="WITH requested_series AS ( SELECT DISTINCT NULLIF( regexp_replace(UPPER(BTRIM(series_name)), '[\s\-·ㆍ\./(),]+', '', 'g'), '' ) AS normalized_...<truncated:1432>
[series-material-status-db] iso=M workPiece=- rows=21 duration=2ms
[narrowing:question] ───────────────────────────
[narrowing:question] Session: ses-1775878680263
[narrowing:question] Candidates: 500
[narrowing:question] Status: resolved_exact
[narrowing:question] Turn: 0
[narrowing:question] Filters: (none)
[narrowing:question] Stages: initial_search
[narrowing:question] ───────────────────────────
[entity-profile-db] batch series query count=76 chunks=3
[series-material-status-db] sql query="WITH requested_series AS ( SELECT DISTINCT NULLIF( regexp_replace(UPPER(BTRIM(series_name)), '[\s\-·ㆍ\./(),]+', '', 'g'), '' ) AS normalized_...<truncated:1219>
[series-material-status-db] iso=P workPiece=- rows=8 duration=2ms
[narrowing:question] ───────────────────────────
[narrowing:question] Session: ses-1775878680473
[narrowing:question] Candidates: 500
[narrowing:question] Status: resolved_exact
[narrowing:question] Turn: 0
[narrowing:question] Filters: (none)
[narrowing:question] Stages: initial_search
[narrowing:question] ───────────────────────────
[entity-profile-db] batch series query count=35 chunks=2
[series-material-status-db] sql query="WITH requested_series AS ( SELECT DISTINCT NULLIF( regexp_replace(UPPER(BTRIM(series_name)), '[\s\-·ㆍ\./(),]+', '', 'g'), '' ) AS normalized_...<truncated:1381>
[series-material-status-db] iso=N workPiece=- rows=18 duration=3ms
[narrowing:question] ───────────────────────────
[narrowing:question] Session: ses-1775878680483
[narrowing:question] Candidates: 500
[narrowing:question] Status: resolved_exact
[narrowing:question] Turn: 0
[narrowing:question] Filters: (none)
[narrowing:question] Stages: initial_search
[narrowing:question] ───────────────────────────
[entity-profile-db] batch series query count=61 chunks=3
[series-material-status-db] sql query="WITH requested_series AS ( SELECT DISTINCT NULLIF( regexp_replace(UPPER(BTRIM(series_name)), '[\s\-·ㆍ\./(),]+', '', 'g'), '' ) AS normalized_...<truncated:1432>
[series-material-status-db] iso=M workPiece=- rows=21 duration=3ms
[narrowing:question] ───────────────────────────
[narrowing:question] Session: ses-1775878680578
[narrowing:question] Candidates: 500
[narrowing:question] Status: resolved_exact
[narrowing:question] Turn: 0
[narrowing:question] Filters: (none)
[narrowing:question] Stages: initial_search
[narrowing:question] ───────────────────────────
[entity-profile-db] batch series query count=76 chunks=3
[series-material-status-db] sql query="WITH requested_series AS ( SELECT DISTINCT NULLIF( regexp_replace(UPPER(BTRIM(series_name)), '[\s\-·ㆍ\./(),]+', '', 'g'), '' ) AS normalized_...<truncated:1219>
[series-material-status-db] iso=P workPiece=- rows=8 duration=1ms
[narrowing:question] ───────────────────────────
[narrowing:question] Session: ses-1775878680704
[narrowing:question] Candidates: 500
[narrowing:question] Status: resolved_exact
[narrowing:question] Turn: 0
[narrowing:question] Filters: (none)
[narrowing:question] Stages: initial_search
[narrowing:question] ───────────────────────────
[entity-profile-db] batch series query count=35 chunks=2
[series-material-status-db] sql query="WITH requested_series AS ( SELECT DISTINCT NULLIF( regexp_replace(UPPER(BTRIM(series_name)), '[\s\-·ㆍ\./(),]+', '', 'g'), '' ) AS normalized_...<truncated:1381>
[series-material-status-db] iso=N workPiece=- rows=18 duration=2ms
[narrowing:question] ───────────────────────────
[narrowing:question] Session: ses-1775878680869
[narrowing:question] Candidates: 500
[narrowing:question] Status: resolved_exact
[narrowing:question] Turn: 0
[narrowing:question] Filters: (none)
[narrowing:question] Stages: initial_search
[narrowing:question] ───────────────────────────
[entity-profile-db] batch series query count=61 chunks=3
[series-material-status-db] sql query="WITH requested_series AS ( SELECT DISTINCT NULLIF( regexp_replace(UPPER(BTRIM(series_name)), '[\s\-·ㆍ\./(),]+', '', 'g'), '' ) AS normalized_...<truncated:1432>
[series-material-status-db] iso=M workPiece=- rows=21 duration=2ms
[narrowing:question] ───────────────────────────
[narrowing:question] Session: ses-1775878680927
[narrowing:question] Candidates: 500
[narrowing:question] Status: resolved_exact
[narrowing:question] Turn: 0
[narrowing:question] Filters: (none)
[narrowing:question] Stages: initial_search
[narrowing:question] ───────────────────────────
[entity-profile-db] batch series query count=76 chunks=3
[series-material-status-db] sql query="WITH requested_series AS ( SELECT DISTINCT NULLIF( regexp_replace(UPPER(BTRIM(series_name)), '[\s\-·ㆍ\./(),]+', '', 'g'), '' ) AS normalized_...<truncated:1219>
[series-material-status-db] iso=P workPiece=- rows=8 duration=3ms
[narrowing:question] ───────────────────────────
[narrowing:question] Session: ses-1775878680942
[narrowing:question] Candidates: 500
[narrowing:question] Status: resolved_exact
[narrowing:question] Turn: 0
[narrowing:question] Filters: (none)
[narrowing:question] Stages: initial_search
[narrowing:question] ───────────────────────────
[entity-profile-db] batch series query count=35 chunks=2
[series-material-status-db] sql query="WITH requested_series AS ( SELECT DISTINCT NULLIF( regexp_replace(UPPER(BTRIM(series_name)), '[\s\-·ㆍ\./(),]+', '', 'g'), '' ) AS normalized_...<truncated:1219>
[series-material-status-db] iso=P workPiece=- rows=8 duration=1ms
[narrowing:question] ───────────────────────────
[narrowing:question] Session: ses-1775878681164
[narrowing:question] Candidates: 500
[narrowing:question] Status: resolved_exact
[narrowing:question] Turn: 0
[narrowing:question] Filters: (none)
[narrowing:question] Stages: initial_search
[narrowing:question] ───────────────────────────
[entity-profile-db] batch series query count=35 chunks=2
[series-material-status-db] sql query="WITH requested_series AS ( SELECT DISTINCT NULLIF( regexp_replace(UPPER(BTRIM(series_name)), '[\s\-·ㆍ\./(),]+', '', 'g'), '' ) AS normalized_...<truncated:1381>
[series-material-status-db] iso=N workPiece=- rows=18 duration=2ms
[narrowing:question] ───────────────────────────
[narrowing:question] Session: ses-1775878681203
[narrowing:question] Candidates: 500
[narrowing:question] Status: resolved_exact
[narrowing:question] Turn: 0
[narrowing:question] Filters: (none)
[narrowing:question] Stages: initial_search
[narrowing:question] ───────────────────────────
[entity-profile-db] batch series query count=61 chunks=3
[series-material-status-db] sql query="WITH requested_series AS ( SELECT DISTINCT NULLIF( regexp_replace(UPPER(BTRIM(series_name)), '[\s\-·ㆍ\./(),]+', '', 'g'), '' ) AS normalized_...<truncated:1432>
[series-material-status-db] iso=M workPiece=- rows=21 duration=2ms
[narrowing:question] ───────────────────────────
[narrowing:question] Session: ses-1775878681271
[narrowing:question] Candidates: 500
[narrowing:question] Status: resolved_exact
[narrowing:question] Turn: 0
[narrowing:question] Filters: (none)
[narrowing:question] Stages: initial_search
[narrowing:question] ───────────────────────────
[entity-profile-db] batch series query count=76 chunks=3
[series-material-status-db] sql query="WITH requested_series AS ( SELECT DISTINCT NULLIF( regexp_replace(UPPER(BTRIM(series_name)), '[\s\-·ㆍ\./(),]+', '', 'g'), '' ) AS normalized_...<truncated:1219>
[series-material-status-db] iso=P workPiece=- rows=8 duration=2ms
[narrowing:question] ───────────────────────────
[narrowing:question] Session: ses-1775878681404
[narrowing:question] Candidates: 500
[narrowing:question] Status: resolved_exact
[narrowing:question] Turn: 0
[narrowing:question] Filters: (none)
[narrowing:question] Stages: initial_search
[narrowing:question] ───────────────────────────
[entity-profile-db] batch series query count=35 chunks=2
[series-material-status-db] sql query="WITH requested_series AS ( SELECT DISTINCT NULLIF( regexp_replace(UPPER(BTRIM(series_name)), '[\s\-·ㆍ\./(),]+', '', 'g'), '' ) AS normalized_...<truncated:1381>
[series-material-status-db] iso=N workPiece=- rows=18 duration=3ms
[narrowing:question] ───────────────────────────
[narrowing:question] Session: ses-1775878681585
[narrowing:question] Candidates: 500
[narrowing:question] Status: resolved_exact
[narrowing:question] Turn: 0
[narrowing:question] Filters: (none)
[narrowing:question] Stages: initial_search
[narrowing:question] ───────────────────────────
[entity-profile-db] batch series query count=61 chunks=3
[series-material-status-db] sql query="WITH requested_series AS ( SELECT DISTINCT NULLIF( regexp_replace(UPPER(BTRIM(series_name)), '[\s\-·ㆍ\./(),]+', '', 'g'), '' ) AS normalized_...<truncated:1432>
[series-material-status-db] iso=M workPiece=- rows=21 duration=2ms
[narrowing:question] ───────────────────────────
[narrowing:question] Session: ses-1775878681618
[narrowing:question] Candidates: 500
[narrowing:question] Status: resolved_exact
[narrowing:question] Turn: 0
[narrowing:question] Filters: (none)
[narrowing:question] Stages: initial_search
[narrowing:question] ───────────────────────────
[entity-profile-db] batch series query count=76 chunks=3
[series-material-status-db] sql query="WITH requested_series AS ( SELECT DISTINCT NULLIF( regexp_replace(UPPER(BTRIM(series_name)), '[\s\-·ㆍ\./(),]+', '', 'g'), '' ) AS normalized_...<truncated:1219>
[series-material-status-db] iso=P workPiece=- rows=8 duration=1ms
[narrowing:question] ───────────────────────────
[narrowing:question] Session: ses-1775878681642
[narrowing:question] Candidates: 500
[narrowing:question] Status: resolved_exact
[narrowing:question] Turn: 0
[narrowing:question] Filters: (none)
[narrowing:question] Stages: initial_search
[narrowing:question] ───────────────────────────
[entity-profile-db] batch series query count=35 chunks=2
[series-material-status-db] sql query="WITH requested_series AS ( SELECT DISTINCT NULLIF( regexp_replace(UPPER(BTRIM(series_name)), '[\s\-·ㆍ\./(),]+', '', 'g'), '' ) AS normalized_...<truncated:1219>
[series-material-status-db] iso=P workPiece=- rows=8 duration=1ms
[narrowing:question] ───────────────────────────
[narrowing:question] Session: ses-1775878681877
[narrowing:question] Candidates: 500
[narrowing:question] Status: resolved_exact
[narrowing:question] Turn: 0
[narrowing:question] Filters: (none)
[narrowing:question] Stages: initial_search
[narrowing:question] ───────────────────────────
[entity-profile-db] batch series query count=35 chunks=2
[series-material-status-db] sql query="WITH requested_series AS ( SELECT DISTINCT NULLIF( regexp_replace(UPPER(BTRIM(series_name)), '[\s\-·ㆍ\./(),]+', '', 'g'), '' ) AS normalized_...<truncated:1432>
[series-material-status-db] iso=M workPiece=- rows=21 duration=2ms
[narrowing:question] ───────────────────────────
[narrowing:question] Session: ses-1775878681929
[narrowing:question] Candidates: 500
[narrowing:question] Status: resolved_exact
[narrowing:question] Turn: 0
[narrowing:question] Filters: (none)
[narrowing:question] Stages: initial_search
[narrowing:question] ───────────────────────────
[entity-profile-db] batch series query count=76 chunks=3
[series-material-status-db] sql query="WITH requested_series AS ( SELECT DISTINCT NULLIF( regexp_replace(UPPER(BTRIM(series_name)), '[\s\-·ㆍ\./(),]+', '', 'g'), '' ) AS normalized_...<truncated:1381>
[series-material-status-db] iso=N workPiece=- rows=18 duration=2ms
[narrowing:question] ───────────────────────────
[narrowing:question] Session: ses-1775878681978
[narrowing:question] Candidates: 500
[narrowing:question] Status: resolved_exact
[narrowing:question] Turn: 0
[narrowing:question] Filters: (none)
[narrowing:question] Stages: initial_search
[narrowing:question] ───────────────────────────
[entity-profile-db] batch series query count=61 chunks=3
[series-material-status-db] sql query="WITH requested_series AS ( SELECT DISTINCT NULLIF( regexp_replace(UPPER(BTRIM(series_name)), '[\s\-·ㆍ\./(),]+', '', 'g'), '' ) AS normalized_...<truncated:1219>
[series-material-status-db] iso=P workPiece=- rows=8 duration=2ms
[narrowing:question] ───────────────────────────
[narrowing:question] Session: ses-1775878682110
[narrowing:question] Candidates: 500
[narrowing:question] Status: resolved_exact
[narrowing:question] Turn: 0
[narrowing:question] Filters: (none)
[narrowing:question] Stages: initial_search
[narrowing:question] ───────────────────────────
[entity-profile-db] batch series query count=35 chunks=2
[series-material-status-db] sql query="WITH requested_series AS ( SELECT DISTINCT NULLIF( regexp_replace(UPPER(BTRIM(series_name)), '[\s\-·ㆍ\./(),]+', '', 'g'), '' ) AS normalized_...<truncated:1381>
[series-material-status-db] iso=N workPiece=- rows=18 duration=2ms
[narrowing:question] ───────────────────────────
[narrowing:question] Session: ses-1775878682279
[narrowing:question] Candidates: 500
[narrowing:question] Status: resolved_exact
[narrowing:question] Turn: 0
[narrowing:question] Filters: (none)
[narrowing:question] Stages: initial_search
[narrowing:question] ───────────────────────────
[entity-profile-db] batch series query count=61 chunks=3
[series-material-status-db] sql query="WITH requested_series AS ( SELECT DISTINCT NULLIF( regexp_replace(UPPER(BTRIM(series_name)), '[\s\-·ㆍ\./(),]+', '', 'g'), '' ) AS normalized_...<truncated:1432>
[series-material-status-db] iso=M workPiece=- rows=21 duration=1ms
[narrowing:question] ───────────────────────────
[narrowing:question] Session: ses-1775878682303
[narrowing:question] Candidates: 500
[narrowing:question] Status: resolved_exact
[narrowing:question] Turn: 0
[narrowing:question] Filters: (none)
[narrowing:question] Stages: initial_search
[narrowing:question] ───────────────────────────
[entity-profile-db] batch series query count=76 chunks=3
[series-material-status-db] sql query="WITH requested_series AS ( SELECT DISTINCT NULLIF( regexp_replace(UPPER(BTRIM(series_name)), '[\s\-·ㆍ\./(),]+', '', 'g'), '' ) AS normalized_...<truncated:1219>
[series-material-status-db] iso=P workPiece=- rows=8 duration=1ms
[narrowing:question] ───────────────────────────
[narrowing:question] Session: ses-1775878682431
[narrowing:question] Candidates: 500
[narrowing:question] Status: resolved_exact
[narrowing:question] Turn: 0
[narrowing:question] Filters: (none)
[narrowing:question] Stages: initial_search
[narrowing:question] ───────────────────────────
[entity-profile-db] batch series query count=35 chunks=2
[series-material-status-db] sql query="WITH requested_series AS ( SELECT DISTINCT NULLIF( regexp_replace(UPPER(BTRIM(series_name)), '[\s\-·ㆍ\./(),]+', '', 'g'), '' ) AS normalized_...<truncated:1381>
[series-material-status-db] iso=N workPiece=- rows=18 duration=1ms
[narrowing:question] ───────────────────────────
[narrowing:question] Session: ses-1775878682626
[narrowing:question] Candidates: 500
[narrowing:question] Status: resolved_exact
[narrowing:question] Turn: 0
[narrowing:question] Filters: (none)
[narrowing:question] Stages: initial_search
[narrowing:question] ───────────────────────────
[entity-profile-db] batch series query count=61 chunks=3
[series-material-status-db] sql query="WITH requested_series AS ( SELECT DISTINCT NULLIF( regexp_replace(UPPER(BTRIM(series_name)), '[\s\-·ㆍ\./(),]+', '', 'g'), '' ) AS normalized_...<truncated:1432>
[series-material-status-db] iso=M workPiece=- rows=21 duration=1ms
[narrowing:question] ───────────────────────────
[narrowing:question] Session: ses-1775878682650
[narrowing:question] Candidates: 500
[narrowing:question] Status: resolved_exact
[narrowing:question] Turn: 0
[narrowing:question] Filters: (none)
[narrowing:question] Stages: initial_search
[narrowing:question] ───────────────────────────
[entity-profile-db] batch series query count=76 chunks=3
[series-material-status-db] sql query="WITH requested_series AS ( SELECT DISTINCT NULLIF( regexp_replace(UPPER(BTRIM(series_name)), '[\s\-·ㆍ\./(),]+', '', 'g'), '' ) AS normalized_...<truncated:1219>
[series-material-status-db] iso=P workPiece=- rows=8 duration=2ms
[narrowing:question] ───────────────────────────
[narrowing:question] Session: ses-1775878682693
[narrowing:question] Candidates: 500
[narrowing:question] Status: resolved_exact
[narrowing:question] Turn: 0
[narrowing:question] Filters: (none)
[narrowing:question] Stages: initial_search
[narrowing:question] ───────────────────────────
[entity-profile-db] batch series query count=35 chunks=2
[series-material-status-db] sql query="WITH requested_series AS ( SELECT DISTINCT NULLIF( regexp_replace(UPPER(BTRIM(series_name)), '[\s\-·ㆍ\./(),]+', '', 'g'), '' ) AS normalized_...<truncated:1219>
[series-material-status-db] iso=P workPiece=- rows=8 duration=2ms
[narrowing:question] ───────────────────────────
[narrowing:question] Session: ses-1775878682978
[narrowing:question] Candidates: 500
[narrowing:question] Status: resolved_exact
[narrowing:question] Turn: 0
[narrowing:question] Filters: (none)
[narrowing:question] Stages: initial_search
[narrowing:question] ───────────────────────────
[entity-profile-db] batch series query count=35 chunks=2
[series-material-status-db] sql query="WITH requested_series AS ( SELECT DISTINCT NULLIF( regexp_replace(UPPER(BTRIM(series_name)), '[\s\-·ㆍ\./(),]+', '', 'g'), '' ) AS normalized_...<truncated:1381>
[series-material-status-db] iso=N workPiece=- rows=18 duration=1ms
[narrowing:question] ───────────────────────────
[narrowing:question] Session: ses-1775878682990
[narrowing:question] Candidates: 500
[narrowing:question] Status: resolved_exact
[narrowing:question] Turn: 0
[narrowing:question] Filters: (none)
[narrowing:question] Stages: initial_search
[narrowing:question] ───────────────────────────
[entity-profile-db] batch series query count=61 chunks=3
[series-material-status-db] sql query="WITH requested_series AS ( SELECT DISTINCT NULLIF( regexp_replace(UPPER(BTRIM(series_name)), '[\s\-·ㆍ\./(),]+', '', 'g'), '' ) AS normalized_...<truncated:1432>
[series-material-status-db] iso=M workPiece=- rows=21 duration=2ms
[narrowing:question] ───────────────────────────
[narrowing:question] Session: ses-1775878683018
[narrowing:question] Candidates: 500
[narrowing:question] Status: resolved_exact
[narrowing:question] Turn: 0
[narrowing:question] Filters: (none)
[narrowing:question] Stages: initial_search
[narrowing:question] ───────────────────────────
[entity-profile-db] batch series query count=76 chunks=3
[series-material-status-db] sql query="WITH requested_series AS ( SELECT DISTINCT NULLIF( regexp_replace(UPPER(BTRIM(series_name)), '[\s\-·ㆍ\./(),]+', '', 'g'), '' ) AS normalized_...<truncated:1219>
[series-material-status-db] sql query="WITH requested_series AS ( SELECT DISTINCT NULLIF( regexp_replace(UPPER(BTRIM(series_name)), '[\s\-·ㆍ\./(),]+', '', 'g'), '' ) AS normalized_...<truncated:1432>
[series-material-status-db] iso=P workPiece=- rows=8 duration=10ms
[narrowing:question] ───────────────────────────
[narrowing:question] Session: ses-1775878683345
[narrowing:question] Candidates: 500
[narrowing:question] Status: resolved_exact
[narrowing:question] Turn: 0
[narrowing:question] Filters: (none)
[narrowing:question] Stages: initial_search
[narrowing:question] ───────────────────────────
[entity-profile-db] batch series query count=35 chunks=2
[series-material-status-db] iso=M workPiece=- rows=21 duration=4ms
[narrowing:question] ───────────────────────────
[narrowing:question] Session: ses-1775878683346
[narrowing:question] Candidates: 500
[narrowing:question] Status: resolved_exact
[narrowing:question] Turn: 0
[narrowing:question] Filters: (none)
[narrowing:question] Stages: initial_search
[narrowing:question] ───────────────────────────
[entity-profile-db] batch series query count=76 chunks=3
[series-material-status-db] sql query="WITH requested_series AS ( SELECT DISTINCT NULLIF( regexp_replace(UPPER(BTRIM(series_name)), '[\s\-·ㆍ\./(),]+', '', 'g'), '' ) AS normalized_...<truncated:1381>
[series-material-status-db] iso=N workPiece=- rows=18 duration=2ms
[narrowing:question] ───────────────────────────
[narrowing:question] Session: ses-1775878683394
[narrowing:question] Candidates: 500
[narrowing:question] Status: resolved_exact
[narrowing:question] Turn: 0
[narrowing:question] Filters: (none)
[narrowing:question] Stages: initial_search
[narrowing:question] ───────────────────────────
[entity-profile-db] batch series query count=61 chunks=3
[series-material-status-db] sql query="WITH requested_series AS ( SELECT DISTINCT NULLIF( regexp_replace(UPPER(BTRIM(series_name)), '[\s\-·ㆍ\./(),]+', '', 'g'), '' ) AS normalized_...<truncated:1219>
[series-material-status-db] iso=P workPiece=- rows=8 duration=3ms
[narrowing:question] ───────────────────────────
[narrowing:question] Session: ses-1775878683681
[narrowing:question] Candidates: 500
[narrowing:question] Status: resolved_exact
[narrowing:question] Turn: 0
[narrowing:question] Filters: (none)
[narrowing:question] Stages: initial_search
[narrowing:question] ───────────────────────────
[entity-profile-db] batch series query count=35 chunks=2
[series-material-status-db] sql query="WITH requested_series AS ( SELECT DISTINCT NULLIF( regexp_replace(UPPER(BTRIM(series_name)), '[\s\-·ㆍ\./(),]+', '', 'g'), '' ) AS normalized_...<truncated:1432>
[series-material-status-db] iso=M workPiece=- rows=21 duration=2ms
[narrowing:question] ───────────────────────────
[narrowing:question] Session: ses-1775878683743
[narrowing:question] Candidates: 500
[narrowing:question] Status: resolved_exact
[narrowing:question] Turn: 0
[narrowing:question] Filters: (none)
[narrowing:question] Stages: initial_search
[narrowing:question] ───────────────────────────
[entity-profile-db] batch series query count=76 chunks=3
[series-material-status-db] sql query="WITH requested_series AS ( SELECT DISTINCT NULLIF( regexp_replace(UPPER(BTRIM(series_name)), '[\s\-·ㆍ\./(),]+', '', 'g'), '' ) AS normalized_...<truncated:1381>
[series-material-status-db] iso=N workPiece=- rows=18 duration=1ms
[narrowing:question] ───────────────────────────
[narrowing:question] Session: ses-1775878683770
[narrowing:question] Candidates: 500
[narrowing:question] Status: resolved_exact
[narrowing:question] Turn: 0
[narrowing:question] Filters: (none)
[narrowing:question] Stages: initial_search
[narrowing:question] ───────────────────────────
[entity-profile-db] batch series query count=61 chunks=3
[series-material-status-db] sql query="WITH requested_series AS ( SELECT DISTINCT NULLIF( regexp_replace(UPPER(BTRIM(series_name)), '[\s\-·ㆍ\./(),]+', '', 'g'), '' ) AS normalized_...<truncated:1219>
[series-material-status-db] iso=P workPiece=- rows=8 duration=2ms
[narrowing:question] ───────────────────────────
[narrowing:question] Session: ses-1775878683997
[narrowing:question] Candidates: 500
[narrowing:question] Status: resolved_exact
[narrowing:question] Turn: 0
[narrowing:question] Filters: (none)
[narrowing:question] Stages: initial_search
[narrowing:question] ───────────────────────────
[entity-profile-db] batch series query count=35 chunks=2
[series-material-status-db] sql query="WITH requested_series AS ( SELECT DISTINCT NULLIF( regexp_replace(UPPER(BTRIM(series_name)), '[\s\-·ㆍ\./(),]+', '', 'g'), '' ) AS normalized_...<truncated:1432>
